<?xml version="1.0" encoding="UTF-8"?>
<!-- Generated by org.testng.reporters.JUnitReportReporter -->
<testsuite skipped="0" hostname="SRANI" name="bulkConsignment.uploadConsignment" tests="3" failures="0" timestamp="21 Jul 2017 06:51:50 GMT" time="17.066" errors="0">
  <testcase name="click_BulkConsignmentTab" time="3.637" classname="bulkConsignment.uploadConsignment"/>
  <testcase name="click_BrowseExcel" time="0.316" classname="bulkConsignment.uploadConsignment"/>
  <testcase name="click_Upload" time="13.113" classname="bulkConsignment.uploadConsignment"/>
</testsuite> <!-- bulkConsignment.uploadConsignment -->
